2026-01-22 19:45:32,689 - __main__ - INFO - ============================================================
2026-01-22 19:45:32,689 - __main__ - INFO - CPU Monitoring TUI Application Starting
2026-01-22 19:45:32,689 - __main__ - INFO - ============================================================
2026-01-22 19:45:32,696 - __main__ - INFO - Loaded configuration from config.yaml
2026-01-22 19:45:32,697 - __main__ - INFO - Initialized components for server: ec2_photoQsim 1
2026-01-22 19:45:32,697 - __main__ - INFO - Initialized components for server: ec2_photoQsim 2
2026-01-22 19:45:32,697 - __main__ - INFO - Starting monitoring for all servers...
2026-01-22 19:45:32,697 - src.ssh_client - INFO - ec2_photoQsim 1: Connecting to 108.130.26.89 (attempt 1/3)
2026-01-22 19:45:32,697 - src.ssh_client - INFO - ec2_photoQsim 2: Connecting to 34.242.17.157 (attempt 1/3)
2026-01-22 19:45:32,702 - asyncssh - INFO - Host canonicalization disabled
2026-01-22 19:45:32,702 - asyncssh - INFO - Opening SSH connection to 108.130.26.89, port 22
2026-01-22 19:45:32,702 - asyncssh - INFO - Host canonicalization disabled
2026-01-22 19:45:32,702 - asyncssh - INFO - Opening SSH connection to 34.242.17.157, port 22
2026-01-22 19:45:32,747 - asyncssh - INFO - [conn=0] Connected to SSH server at 34.242.17.157, port 22
2026-01-22 19:45:32,747 - asyncssh - INFO - [conn=0]   Local address: 10.10.10.3, port 53869
2026-01-22 19:45:32,747 - asyncssh - INFO - [conn=0]   Peer address: 34.242.17.157, port 22
2026-01-22 19:45:32,747 - asyncssh - INFO - [conn=1] Connected to SSH server at 108.130.26.89, port 22
2026-01-22 19:45:32,747 - asyncssh - INFO - [conn=1]   Local address: 10.10.10.3, port 53868
2026-01-22 19:45:32,747 - asyncssh - INFO - [conn=1]   Peer address: 108.130.26.89, port 22
2026-01-22 19:45:32,951 - asyncssh - INFO - [conn=0] Beginning auth for user ubuntu
2026-01-22 19:45:32,951 - asyncssh - INFO - [conn=1] Beginning auth for user ubuntu
2026-01-22 19:45:33,127 - asyncssh - INFO - [conn=1] Auth for user ubuntu succeeded
2026-01-22 19:45:33,128 - asyncssh - INFO - [conn=0] Auth for user ubuntu succeeded
2026-01-22 19:45:33,129 - src.ssh_client - INFO - ec2_photoQsim 1: Connected successfully
2026-01-22 19:45:33,129 - src.ssh_client - INFO - ec2_photoQsim 2: Connected successfully
2026-01-22 19:45:33,129 - src.monitor - INFO - ec2_photoQsim 1: CPU monitoring started
2026-01-22 19:45:33,129 - src.monitor - INFO - ec2_photoQsim 2: CPU monitoring started
2026-01-22 19:45:33,130 - __main__ - INFO - ec2_photoQsim 1: Connected and monitoring
2026-01-22 19:45:33,130 - __main__ - INFO - ec2_photoQsim 2: Connected and monitoring
2026-01-22 19:45:33,150 - asyncssh - INFO - [conn=1, chan=0] Requesting new SSH session
2026-01-22 19:45:33,150 - asyncssh - INFO - [conn=0, chan=0] Requesting new SSH session
2026-01-22 19:45:33,231 - asyncssh - INFO - [conn=0, chan=0]   Command: cat /proc/stat
2026-01-22 19:45:33,277 - asyncssh - INFO - [conn=0, chan=0] Received exit status 0
2026-01-22 19:45:33,277 - asyncssh - INFO - [conn=0, chan=0] Received channel close
2026-01-22 19:45:33,278 - asyncssh - INFO - [conn=0, chan=0] Channel closed
2026-01-22 19:45:33,489 - asyncssh - INFO - [conn=1, chan=0]   Command: cat /proc/stat
2026-01-22 19:45:33,546 - asyncssh - INFO - [conn=1, chan=0] Received exit status 0
2026-01-22 19:45:33,546 - asyncssh - INFO - [conn=1, chan=0] Received channel close
2026-01-22 19:45:33,547 - asyncssh - INFO - [conn=1, chan=0] Channel closed
2026-01-22 19:45:35,280 - asyncssh - INFO - [conn=0, chan=1] Requesting new SSH session
2026-01-22 19:45:35,329 - asyncssh - INFO - [conn=0, chan=1]   Command: cat /proc/stat
2026-01-22 19:45:35,376 - asyncssh - INFO - [conn=0, chan=1] Received exit status 0
2026-01-22 19:45:35,377 - asyncssh - INFO - [conn=0, chan=1] Received channel close
2026-01-22 19:45:35,377 - asyncssh - INFO - [conn=0, chan=1] Channel closed
2026-01-22 19:45:35,549 - asyncssh - INFO - [conn=1, chan=1] Requesting new SSH session
2026-01-22 19:45:35,594 - asyncssh - INFO - [conn=1, chan=1]   Command: cat /proc/stat
2026-01-22 19:45:35,647 - asyncssh - INFO - [conn=1, chan=1] Received exit status 0
2026-01-22 19:45:35,648 - asyncssh - INFO - [conn=1, chan=1] Received channel close
2026-01-22 19:45:35,649 - asyncssh - INFO - [conn=1, chan=1] Channel closed
2026-01-22 19:45:37,381 - asyncssh - INFO - [conn=0, chan=2] Requesting new SSH session
2026-01-22 19:45:37,428 - asyncssh - INFO - [conn=0, chan=2]   Command: cat /proc/stat
2026-01-22 19:45:37,474 - asyncssh - INFO - [conn=0, chan=2] Received exit status 0
2026-01-22 19:45:37,475 - asyncssh - INFO - [conn=0, chan=2] Received channel close
2026-01-22 19:45:37,475 - asyncssh - INFO - [conn=0, chan=2] Channel closed
2026-01-22 19:45:37,652 - asyncssh - INFO - [conn=1, chan=2] Requesting new SSH session
2026-01-22 19:45:37,696 - asyncssh - INFO - [conn=1, chan=2]   Command: cat /proc/stat
2026-01-22 19:45:37,763 - asyncssh - INFO - [conn=1, chan=2] Received exit status 0
2026-01-22 19:45:37,763 - asyncssh - INFO - [conn=1, chan=2] Received channel close
2026-01-22 19:45:37,764 - asyncssh - INFO - [conn=1, chan=2] Channel closed
2026-01-22 19:45:39,479 - asyncssh - INFO - [conn=0, chan=3] Requesting new SSH session
2026-01-22 19:45:39,527 - asyncssh - INFO - [conn=0, chan=3]   Command: cat /proc/stat
2026-01-22 19:45:39,576 - asyncssh - INFO - [conn=0, chan=3] Received exit status 0
2026-01-22 19:45:39,576 - asyncssh - INFO - [conn=0, chan=3] Received channel close
2026-01-22 19:45:39,577 - asyncssh - INFO - [conn=0, chan=3] Channel closed
2026-01-22 19:45:39,768 - asyncssh - INFO - [conn=1, chan=3] Requesting new SSH session
2026-01-22 19:45:39,810 - asyncssh - INFO - [conn=1, chan=3]   Command: cat /proc/stat
2026-01-22 19:45:39,859 - asyncssh - INFO - [conn=1, chan=3] Received exit status 0
2026-01-22 19:45:39,859 - asyncssh - INFO - [conn=1, chan=3] Received channel close
2026-01-22 19:45:39,860 - asyncssh - INFO - [conn=1, chan=3] Channel closed
2026-01-22 19:45:41,580 - asyncssh - INFO - [conn=0, chan=4] Requesting new SSH session
2026-01-22 19:45:41,624 - asyncssh - INFO - [conn=0, chan=4]   Command: cat /proc/stat
2026-01-22 19:45:41,671 - asyncssh - INFO - [conn=0, chan=4] Received exit status 0
2026-01-22 19:45:41,671 - asyncssh - INFO - [conn=0, chan=4] Received channel close
2026-01-22 19:45:41,672 - asyncssh - INFO - [conn=0, chan=4] Channel closed
2026-01-22 19:45:41,861 - asyncssh - INFO - [conn=1, chan=4] Requesting new SSH session
2026-01-22 19:45:41,905 - asyncssh - INFO - [conn=1, chan=4]   Command: cat /proc/stat
2026-01-22 19:45:41,958 - asyncssh - INFO - [conn=1, chan=4] Received exit status 0
2026-01-22 19:45:41,958 - asyncssh - INFO - [conn=1, chan=4] Received channel close
2026-01-22 19:45:41,958 - asyncssh - INFO - [conn=1, chan=4] Channel closed
2026-01-22 19:45:43,674 - asyncssh - INFO - [conn=0, chan=5] Requesting new SSH session
2026-01-22 19:45:43,720 - asyncssh - INFO - [conn=0, chan=5]   Command: cat /proc/stat
2026-01-22 19:45:43,769 - asyncssh - INFO - [conn=0, chan=5] Received exit status 0
2026-01-22 19:45:43,770 - asyncssh - INFO - [conn=0, chan=5] Received channel close
2026-01-22 19:45:43,771 - asyncssh - INFO - [conn=0, chan=5] Channel closed
2026-01-22 19:45:43,960 - asyncssh - INFO - [conn=1, chan=5] Requesting new SSH session
2026-01-22 19:45:44,005 - asyncssh - INFO - [conn=1, chan=5]   Command: cat /proc/stat
2026-01-22 19:45:44,058 - asyncssh - INFO - [conn=1, chan=5] Received exit status 0
2026-01-22 19:45:44,058 - asyncssh - INFO - [conn=1, chan=5] Received channel close
2026-01-22 19:45:44,059 - asyncssh - INFO - [conn=1, chan=5] Channel closed
2026-01-22 19:45:45,774 - asyncssh - INFO - [conn=0, chan=6] Requesting new SSH session
2026-01-22 19:45:45,818 - asyncssh - INFO - [conn=0, chan=6]   Command: cat /proc/stat
2026-01-22 19:45:45,867 - asyncssh - INFO - [conn=0, chan=6] Received exit status 0
2026-01-22 19:45:45,868 - asyncssh - INFO - [conn=0, chan=6] Received channel close
2026-01-22 19:45:45,869 - asyncssh - INFO - [conn=0, chan=6] Channel closed
2026-01-22 19:45:46,062 - asyncssh - INFO - [conn=1, chan=6] Requesting new SSH session
2026-01-22 19:45:46,137 - asyncssh - INFO - [conn=1, chan=6]   Command: cat /proc/stat
2026-01-22 19:45:46,187 - asyncssh - INFO - [conn=1, chan=6] Received exit status 0
2026-01-22 19:45:46,187 - asyncssh - INFO - [conn=1, chan=6] Received channel close
2026-01-22 19:45:46,188 - asyncssh - INFO - [conn=1, chan=6] Channel closed
2026-01-22 19:45:47,872 - asyncssh - INFO - [conn=0, chan=7] Requesting new SSH session
2026-01-22 19:45:47,918 - asyncssh - INFO - [conn=0, chan=7]   Command: cat /proc/stat
2026-01-22 19:45:47,968 - asyncssh - INFO - [conn=0, chan=7] Received exit status 0
2026-01-22 19:45:47,968 - asyncssh - INFO - [conn=0, chan=7] Received channel close
2026-01-22 19:45:47,968 - asyncssh - INFO - [conn=0, chan=7] Channel closed
2026-01-22 19:45:48,188 - asyncssh - INFO - [conn=1, chan=7] Requesting new SSH session
2026-01-22 19:45:48,270 - asyncssh - INFO - [conn=1, chan=7]   Command: cat /proc/stat
2026-01-22 19:45:48,359 - asyncssh - INFO - [conn=1, chan=7] Received exit status 0
2026-01-22 19:45:48,359 - asyncssh - INFO - [conn=1, chan=7] Received channel close
2026-01-22 19:45:48,361 - asyncssh - INFO - [conn=1, chan=7] Channel closed
2026-01-22 19:45:49,970 - asyncssh - INFO - [conn=0, chan=8] Requesting new SSH session
2026-01-22 19:45:50,024 - asyncssh - INFO - [conn=0, chan=8]   Command: cat /proc/stat
2026-01-22 19:45:50,069 - asyncssh - INFO - [conn=0, chan=8] Received exit status 0
2026-01-22 19:45:50,069 - asyncssh - INFO - [conn=0, chan=8] Received channel close
2026-01-22 19:45:50,069 - asyncssh - INFO - [conn=0, chan=8] Channel closed
2026-01-22 19:45:50,363 - asyncssh - INFO - [conn=1, chan=8] Requesting new SSH session
2026-01-22 19:45:50,407 - asyncssh - INFO - [conn=1, chan=8]   Command: cat /proc/stat
2026-01-22 19:45:50,457 - asyncssh - INFO - [conn=1, chan=8] Received exit status 0
2026-01-22 19:45:50,458 - asyncssh - INFO - [conn=1, chan=8] Received channel close
2026-01-22 19:45:50,458 - asyncssh - INFO - [conn=1, chan=8] Channel closed
2026-01-22 19:45:52,070 - asyncssh - INFO - [conn=0, chan=9] Requesting new SSH session
2026-01-22 19:45:52,131 - asyncssh - INFO - [conn=0, chan=9]   Command: cat /proc/stat
2026-01-22 19:45:52,178 - asyncssh - INFO - [conn=0, chan=9] Received exit status 0
2026-01-22 19:45:52,178 - asyncssh - INFO - [conn=0, chan=9] Received channel close
2026-01-22 19:45:52,178 - asyncssh - INFO - [conn=0, chan=9] Channel closed
2026-01-22 19:45:52,461 - asyncssh - INFO - [conn=1, chan=9] Requesting new SSH session
2026-01-22 19:45:52,523 - asyncssh - INFO - [conn=1, chan=9]   Command: cat /proc/stat
2026-01-22 19:45:52,575 - asyncssh - INFO - [conn=1, chan=9] Received exit status 0
2026-01-22 19:45:52,575 - asyncssh - INFO - [conn=1, chan=9] Received channel close
2026-01-22 19:45:52,576 - asyncssh - INFO - [conn=1, chan=9] Channel closed
2026-01-22 19:45:54,180 - asyncssh - INFO - [conn=0, chan=10] Requesting new SSH session
2026-01-22 19:45:54,225 - asyncssh - INFO - [conn=0, chan=10]   Command: cat /proc/stat
2026-01-22 19:45:54,287 - asyncssh - INFO - [conn=0, chan=10] Received exit status 0
2026-01-22 19:45:54,288 - asyncssh - INFO - [conn=0, chan=10] Received channel close
2026-01-22 19:45:54,288 - asyncssh - INFO - [conn=0, chan=10] Channel closed
2026-01-22 19:45:54,585 - asyncssh - INFO - [conn=1, chan=10] Requesting new SSH session
2026-01-22 19:45:54,627 - asyncssh - INFO - [conn=1, chan=10]   Command: cat /proc/stat
2026-01-22 19:45:54,677 - asyncssh - INFO - [conn=1, chan=10] Received exit status 0
2026-01-22 19:45:54,678 - asyncssh - INFO - [conn=1, chan=10] Received channel close
2026-01-22 19:45:54,678 - asyncssh - INFO - [conn=1, chan=10] Channel closed
2026-01-22 19:45:56,273 - __main__ - INFO - Configuration saved to config.yaml
2026-01-22 19:45:56,273 - __main__ - INFO - Added server: test
2026-01-22 19:45:56,275 - src.ssh_client - ERROR - test: SSH key not found: /Users/sebastianydemadsen/.ssh/id_rsa
2026-01-22 19:45:56,275 - src.monitor - INFO - test: CPU monitoring started
2026-01-22 19:45:56,283 - src.ssh_client - ERROR - test: SSH key not found: /Users/sebastianydemadsen/.ssh/id_rsa
2026-01-22 19:45:56,292 - asyncssh - INFO - [conn=0, chan=11] Requesting new SSH session
2026-01-22 19:45:56,336 - asyncssh - INFO - [conn=0, chan=11]   Command: cat /proc/stat
2026-01-22 19:45:56,387 - asyncssh - INFO - [conn=0, chan=11] Received exit status 0
2026-01-22 19:45:56,387 - asyncssh - INFO - [conn=0, chan=11] Received channel close
2026-01-22 19:45:56,387 - asyncssh - INFO - [conn=0, chan=11] Channel closed
2026-01-22 19:45:56,679 - asyncssh - INFO - [conn=1, chan=11] Requesting new SSH session
2026-01-22 19:45:56,726 - asyncssh - INFO - [conn=1, chan=11]   Command: cat /proc/stat
2026-01-22 19:45:56,778 - asyncssh - INFO - [conn=1, chan=11] Received exit status 0
2026-01-22 19:45:56,778 - asyncssh - INFO - [conn=1, chan=11] Received channel close
2026-01-22 19:45:56,779 - asyncssh - INFO - [conn=1, chan=11] Channel closed
2026-01-22 19:45:58,285 - src.ssh_client - ERROR - test: SSH key not found: /Users/sebastianydemadsen/.ssh/id_rsa
2026-01-22 19:45:58,389 - asyncssh - INFO - [conn=0, chan=12] Requesting new SSH session
2026-01-22 19:45:58,436 - asyncssh - INFO - [conn=0, chan=12]   Command: cat /proc/stat
2026-01-22 19:45:58,483 - asyncssh - INFO - [conn=0, chan=12] Received exit status 0
2026-01-22 19:45:58,483 - asyncssh - INFO - [conn=0, chan=12] Received channel close
2026-01-22 19:45:58,484 - asyncssh - INFO - [conn=0, chan=12] Channel closed
2026-01-22 19:45:58,782 - asyncssh - INFO - [conn=1, chan=12] Requesting new SSH session
2026-01-22 19:45:58,829 - asyncssh - INFO - [conn=1, chan=12]   Command: cat /proc/stat
2026-01-22 19:45:58,881 - asyncssh - INFO - [conn=1, chan=12] Received exit status 0
2026-01-22 19:45:58,882 - asyncssh - INFO - [conn=1, chan=12] Received channel close
2026-01-22 19:45:58,883 - asyncssh - INFO - [conn=1, chan=12] Channel closed
2026-01-22 19:46:00,288 - src.ssh_client - ERROR - test: SSH key not found: /Users/sebastianydemadsen/.ssh/id_rsa
2026-01-22 19:46:00,488 - asyncssh - INFO - [conn=0, chan=13] Requesting new SSH session
2026-01-22 19:46:00,537 - asyncssh - INFO - [conn=0, chan=13]   Command: cat /proc/stat
2026-01-22 19:46:00,588 - asyncssh - INFO - [conn=0, chan=13] Received exit status 0
2026-01-22 19:46:00,589 - asyncssh - INFO - [conn=0, chan=13] Received channel close
2026-01-22 19:46:00,590 - asyncssh - INFO - [conn=0, chan=13] Channel closed
2026-01-22 19:46:00,886 - asyncssh - INFO - [conn=1, chan=13] Requesting new SSH session
2026-01-22 19:46:00,936 - asyncssh - INFO - [conn=1, chan=13]   Command: cat /proc/stat
2026-01-22 19:46:00,988 - asyncssh - INFO - [conn=1, chan=13] Received exit status 0
2026-01-22 19:46:00,989 - asyncssh - INFO - [conn=1, chan=13] Received channel close
2026-01-22 19:46:00,990 - asyncssh - INFO - [conn=1, chan=13] Channel closed
2026-01-22 19:46:02,289 - src.ssh_client - ERROR - test: SSH key not found: /Users/sebastianydemadsen/.ssh/id_rsa
2026-01-22 19:46:02,594 - asyncssh - INFO - [conn=0, chan=14] Requesting new SSH session
2026-01-22 19:46:02,621 - __main__ - INFO - Configuration saved to config.yaml
2026-01-22 19:46:02,621 - __main__ - INFO - Deleted server: test
2026-01-22 19:46:02,629 - src.monitor - INFO - test: CPU monitoring stopped
2026-01-22 19:46:02,641 - asyncssh - INFO - [conn=0, chan=14]   Command: cat /proc/stat
2026-01-22 19:46:02,687 - asyncssh - INFO - [conn=0, chan=14] Received exit status 0
2026-01-22 19:46:02,687 - asyncssh - INFO - [conn=0, chan=14] Received channel close
2026-01-22 19:46:02,688 - asyncssh - INFO - [conn=0, chan=14] Channel closed
2026-01-22 19:46:02,993 - asyncssh - INFO - [conn=1, chan=14] Requesting new SSH session
2026-01-22 19:46:03,041 - asyncssh - INFO - [conn=1, chan=14]   Command: cat /proc/stat
2026-01-22 19:46:03,093 - asyncssh - INFO - [conn=1, chan=14] Received exit status 0
2026-01-22 19:46:03,094 - asyncssh - INFO - [conn=1, chan=14] Received channel close
2026-01-22 19:46:03,094 - asyncssh - INFO - [conn=1, chan=14] Channel closed
2026-01-22 19:46:04,690 - asyncssh - INFO - [conn=0, chan=15] Requesting new SSH session
2026-01-22 19:46:04,745 - asyncssh - INFO - [conn=0, chan=15]   Command: cat /proc/stat
2026-01-22 19:46:04,793 - asyncssh - INFO - [conn=0, chan=15] Received exit status 0
2026-01-22 19:46:04,793 - asyncssh - INFO - [conn=0, chan=15] Received channel close
2026-01-22 19:46:04,793 - asyncssh - INFO - [conn=0, chan=15] Channel closed
2026-01-22 19:46:05,097 - asyncssh - INFO - [conn=1, chan=15] Requesting new SSH session
2026-01-22 19:46:05,144 - asyncssh - INFO - [conn=1, chan=15]   Command: cat /proc/stat
2026-01-22 19:46:05,196 - asyncssh - INFO - [conn=1, chan=15] Received exit status 0
2026-01-22 19:46:05,196 - asyncssh - INFO - [conn=1, chan=15] Received channel close
2026-01-22 19:46:05,197 - asyncssh - INFO - [conn=1, chan=15] Channel closed
2026-01-22 19:46:06,795 - asyncssh - INFO - [conn=0, chan=16] Requesting new SSH session
2026-01-22 19:46:06,842 - asyncssh - INFO - [conn=0, chan=16]   Command: cat /proc/stat
2026-01-22 19:46:06,887 - asyncssh - INFO - [conn=0, chan=16] Received exit status 0
2026-01-22 19:46:06,887 - asyncssh - INFO - [conn=0, chan=16] Received channel close
2026-01-22 19:46:06,887 - asyncssh - INFO - [conn=0, chan=16] Channel closed
2026-01-22 19:46:07,198 - asyncssh - INFO - [conn=1, chan=16] Requesting new SSH session
2026-01-22 19:46:07,244 - asyncssh - INFO - [conn=1, chan=16]   Command: cat /proc/stat
2026-01-22 19:46:07,309 - asyncssh - INFO - [conn=1, chan=16] Received exit status 0
2026-01-22 19:46:07,310 - asyncssh - INFO - [conn=1, chan=16] Received channel close
2026-01-22 19:46:07,310 - asyncssh - INFO - [conn=1, chan=16] Channel closed
2026-01-22 19:46:08,888 - asyncssh - INFO - [conn=0, chan=17] Requesting new SSH session
2026-01-22 19:46:08,936 - asyncssh - INFO - [conn=0, chan=17]   Command: cat /proc/stat
2026-01-22 19:46:08,990 - asyncssh - INFO - [conn=0, chan=17] Received exit status 0
2026-01-22 19:46:08,991 - asyncssh - INFO - [conn=0, chan=17] Received channel close
2026-01-22 19:46:08,992 - asyncssh - INFO - [conn=0, chan=17] Channel closed
2026-01-22 19:46:09,312 - asyncssh - INFO - [conn=1, chan=17] Requesting new SSH session
2026-01-22 19:46:09,375 - asyncssh - INFO - [conn=1, chan=17]   Command: cat /proc/stat
2026-01-22 19:46:09,424 - asyncssh - INFO - [conn=1, chan=17] Received exit status 0
2026-01-22 19:46:09,425 - asyncssh - INFO - [conn=1, chan=17] Received channel close
2026-01-22 19:46:09,425 - asyncssh - INFO - [conn=1, chan=17] Channel closed
2026-01-22 19:46:10,995 - asyncssh - INFO - [conn=0, chan=18] Requesting new SSH session
2026-01-22 19:46:11,042 - asyncssh - INFO - [conn=0, chan=18]   Command: cat /proc/stat
2026-01-22 19:46:11,106 - asyncssh - INFO - [conn=0, chan=18] Received exit status 0
2026-01-22 19:46:11,107 - asyncssh - INFO - [conn=0, chan=18] Received channel close
2026-01-22 19:46:11,109 - asyncssh - INFO - [conn=0, chan=18] Channel closed
2026-01-22 19:46:11,427 - asyncssh - INFO - [conn=1, chan=18] Requesting new SSH session
2026-01-22 19:46:11,471 - asyncssh - INFO - [conn=1, chan=18]   Command: cat /proc/stat
2026-01-22 19:46:11,523 - asyncssh - INFO - [conn=1, chan=18] Received exit status 0
2026-01-22 19:46:11,523 - asyncssh - INFO - [conn=1, chan=18] Received channel close
2026-01-22 19:46:11,524 - asyncssh - INFO - [conn=1, chan=18] Channel closed
2026-01-22 19:46:13,112 - asyncssh - INFO - [conn=0, chan=19] Requesting new SSH session
2026-01-22 19:46:13,160 - asyncssh - INFO - [conn=0, chan=19]   Command: cat /proc/stat
2026-01-22 19:46:13,207 - asyncssh - INFO - [conn=0, chan=19] Received exit status 0
2026-01-22 19:46:13,207 - asyncssh - INFO - [conn=0, chan=19] Received channel close
2026-01-22 19:46:13,208 - asyncssh - INFO - [conn=0, chan=19] Channel closed
2026-01-22 19:46:13,526 - asyncssh - INFO - [conn=1, chan=19] Requesting new SSH session
2026-01-22 19:46:13,573 - asyncssh - INFO - [conn=1, chan=19]   Command: cat /proc/stat
2026-01-22 19:46:13,630 - asyncssh - INFO - [conn=1, chan=19] Received exit status 0
2026-01-22 19:46:13,630 - asyncssh - INFO - [conn=1, chan=19] Received channel close
2026-01-22 19:46:13,631 - asyncssh - INFO - [conn=1, chan=19] Channel closed
2026-01-22 19:46:14,279 - __main__ - INFO - Stopping monitoring...
2026-01-22 19:46:14,279 - src.monitor - INFO - ec2_photoQsim 1: CPU monitoring stopped
2026-01-22 19:46:14,279 - src.monitor - INFO - ec2_photoQsim 2: CPU monitoring stopped
2026-01-22 19:46:14,279 - asyncssh - INFO - [conn=1] Closing connection
2026-01-22 19:46:14,279 - asyncssh - INFO - [conn=1] Sending disconnect: Disconnected by application (11)
2026-01-22 19:46:14,279 - asyncssh - INFO - [conn=1] Connection closed
2026-01-22 19:46:14,279 - src.ssh_client - INFO - ec2_photoQsim 1: Disconnected
2026-01-22 19:46:14,279 - asyncssh - INFO - [conn=0] Closing connection
2026-01-22 19:46:14,279 - asyncssh - INFO - [conn=0] Sending disconnect: Disconnected by application (11)
2026-01-22 19:46:14,279 - asyncssh - INFO - [conn=0] Connection closed
2026-01-22 19:46:14,280 - src.ssh_client - INFO - ec2_photoQsim 2: Disconnected
2026-01-22 19:46:14,280 - __main__ - INFO - Monitoring stopped
2026-01-22 19:46:14,280 - __main__ - INFO - Application shutdown complete
